<?xml version="1.0" encoding="UTF-8" ?>
<testsuite tests="7" failures="0" name="com.sg.flomast.service.FloMastServiceLayerImplTest" time="0.01" errors="0" skipped="0">
  <properties>
[...]
</properties>
  <testcase classname="com.sg.flomast.service.FloMastServiceLayerImplTest" name="testGetOrder" time="0"/>
  <testcase classname="com.sg.flomast.service.FloMastServiceLayerImplTest" name="testEditOrder" time="0"/>
  <testcase classname="com.sg.flomast.service.FloMastServiceLayerImplTest" name="testRemoveOrder" time="0.008"/>
  <testcase classname="com.sg.flomast.service.FloMastServiceLayerImplTest" name="testGetOrderByDate" time="0.001"/>
  <testcase classname="com.sg.flomast.service.FloMastServiceLayerImplTest" name="testCalcOrder" time="0"/>
  <testcase classname="com.sg.flomast.service.FloMastServiceLayerImplTest" name="testAddOrder" time="0.001"/>
  <testcase classname="com.sg.flomast.service.FloMastServiceLayerImplTest" name="testCompareOrders" time="0"/>
</testsuite>